<?xml version="1.0" encoding="UTF-8"?>
<testsuite name="com.thoughtworks.rectangle.RectangleTest" tests="1" skipped="0" failures="0" errors="0" timestamp="2024-01-08T08:34:54" hostname="gurushifu-gurushifugitp-jrfeq18o10u" time="0.014">
  <properties/>
  <testcase name="testRectangleArea()" classname="com.thoughtworks.rectangle.RectangleTest" time="0.014"/>
  <system-out><![CDATA[]]></system-out>
  <system-err><![CDATA[]]></system-err>
</testsuite>
